<?xml version="1.0" encoding="UTF-8"?>
<testng-results ignored="0" total="1" passed="1" failed="0" skipped="0">
  <reporter-output>
  </reporter-output>
  <suite started-at="2022-08-19T16:26:28 PDT" name="Suite" finished-at="2022-08-19T16:26:40 PDT" duration-ms="12396">
    <groups>
    </groups>
    <test started-at="2022-08-19T16:26:28 PDT" name="Test" finished-at="2022-08-19T16:26:40 PDT" duration-ms="12396">
      <class name="com.sauce.test.SauceE2ETest">
        <test-method is-config="true" signature="setup()[pri:0, instance:com.sauce.test.SauceE2ETest@290222c1]" started-at="2022-08-19T16:26:28 PDT" name="setup" finished-at="2022-08-19T16:26:32 PDT" duration-ms="3954" status="PASS">
          <reporter-output>
          </reporter-output>
        </test-method> <!-- setup -->
        <test-method signature="firstTest()[pri:0, instance:com.sauce.test.SauceE2ETest@290222c1]" started-at="2022-08-19T16:26:32 PDT" name="firstTest" finished-at="2022-08-19T16:26:40 PDT" duration-ms="8228" status="PASS">
          <reporter-output>
          </reporter-output>
        </test-method> <!-- firstTest -->
        <test-method is-config="true" signature="tearDown()[pri:0, instance:com.sauce.test.SauceE2ETest@290222c1]" started-at="2022-08-19T16:26:40 PDT" name="tearDown" finished-at="2022-08-19T16:26:40 PDT" duration-ms="142" status="PASS">
          <reporter-output>
          </reporter-output>
        </test-method> <!-- tearDown -->
        <test-method is-config="true" signature="tearDown()[pri:0, instance:com.sauce.test.SauceE2ETest@290222c1]" started-at="2022-08-19T16:26:40 PDT" name="tearDown" finished-at="2022-08-19T16:26:40 PDT" duration-ms="2" status="PASS">
          <reporter-output>
          </reporter-output>
        </test-method> <!-- tearDown -->
      </class> <!-- com.sauce.test.SauceE2ETest -->
    </test> <!-- Test -->
  </suite> <!-- Suite -->
</testng-results>
