<?xml version="1.0" encoding="UTF-8"?>
<testng-results ignored="0" total="1" passed="1" failed="0" skipped="0">
  <reporter-output>
  </reporter-output>
  <suite started-at="2022-08-19T15:46:54 PDT" name="Suite" finished-at="2022-08-19T15:47:22 PDT" duration-ms="28021">
    <groups>
    </groups>
    <test started-at="2022-08-19T15:46:54 PDT" name="Test" finished-at="2022-08-19T15:47:22 PDT" duration-ms="28021">
      <class name="com.sauce.test.SauceE2ETest">
        <test-method is-config="true" signature="setup()[pri:0, instance:com.sauce.test.SauceE2ETest@2af004b]" started-at="2022-08-19T15:46:54 PDT" name="setup" finished-at="2022-08-19T15:47:14 PDT" duration-ms="19549" status="PASS">
          <reporter-output>
          </reporter-output>
        </test-method> <!-- setup -->
        <test-method signature="firstTest()[pri:0, instance:com.sauce.test.SauceE2ETest@2af004b]" started-at="2022-08-19T15:47:14 PDT" name="firstTest" finished-at="2022-08-19T15:47:22 PDT" duration-ms="8213" status="PASS">
          <reporter-output>
          </reporter-output>
        </test-method> <!-- firstTest -->
        <test-method is-config="true" signature="tearDown()[pri:0, instance:com.sauce.test.SauceE2ETest@2af004b]" started-at="2022-08-19T15:47:22 PDT" name="tearDown" finished-at="2022-08-19T15:47:22 PDT" duration-ms="178" status="PASS">
          <reporter-output>
          </reporter-output>
        </test-method> <!-- tearDown -->
        <test-method is-config="true" signature="tearDown()[pri:0, instance:com.sauce.test.SauceE2ETest@2af004b]" started-at="2022-08-19T15:47:22 PDT" name="tearDown" finished-at="2022-08-19T15:47:22 PDT" duration-ms="1" status="PASS">
          <reporter-output>
          </reporter-output>
        </test-method> <!-- tearDown -->
      </class> <!-- com.sauce.test.SauceE2ETest -->
    </test> <!-- Test -->
  </suite> <!-- Suite -->
</testng-results>
